
ROM used:   6410/33788 (19%)
            6410/33788 (19%) including unused fragments

            0.8 Average locations per line
            2.9 Average locations per statement

RAM used:   664/8192 (8%) at main() level
            822/8192 (10%) worst case

Stack size: 128

Lines Stmts  %   Files
----- ----- ---  -----
    5     0   0  $linker.c
  211   128   6  All_lib.c
  139     0   0  All_lib.H
  144     0   0  BITWISE_LIB.H
  111     0   0  CONFIG_PIC24.H
  862     0   0  ..\..\Program Files (x86)\PICC\devices\24FJ48GA002.H
 1351   524  24  ..\..\Program Files (x86)\PICC\drivers\stdlib.h
   32     0   0  ..\..\Program Files (x86)\PICC\drivers\stddef.h
  423     0   0  ..\..\Program Files (x86)\PICC\drivers\string.h
   28     0   0  ..\..\Program Files (x86)\PICC\drivers\ctype.h
   37     0   0  ..\..\Program Files (x86)\PICC\drivers\stdio.h
  326   134   6  ..\..\Program Files (x86)\PICC\drivers\stdlibm.h
   76    13   1  ..\..\Program Files (x86)\PICC\drivers\memmgmt.c
  163     0   0  ..\..\Program Files (x86)\PICC\drivers\stdint.h
   32     0   0  BL_support.h
   37     0   0  CDATPIC24.H
  273     0   0  EVENT_DRIVEN_CCS.H
  108     0   0  EVENT_TYPE_CCS.h
 2229   921  42  ..\..\Program Files (x86)\PICC\drivers\math.h
  630   279  13  main.c
  158    24   1  BITWISE_LIB.c
  451   160   7  EVENT_DRIVEN_CCS.c
----- -----
 7826  2183 Total

Page ROM  %  RAM   Vol Diff  Functions:
---- --- --- ---   --- ----  ----------
0    196   2    8             @MULFF
0    426   3    8             @ADDFF
0    202   2    8             @DIVFF
0     36   0    9   150  3.6  create_node
0     16   0    7    60  3.1  update_node
0     52   0    7   180  4.5  insert_node_after
0     46   0    7   192  3.8  remove_node
0    126   1   13   705  9.2  traverse
0    178   1   13   919 12.3  malloc
0     66   1    9   380  6.3  free
0    104   1    8             @FLT
0     44   0    4             @SFTOI
0     58   0    2             @ITOF
 Inline         9   538  4.8  drive_motor
0    234   2   20  1101  8.3  Encod_Get_B
0    234   2   20  1099  7.8  Encod_Get_A
0     56   0    4             @DTOF
0    640   5   28  1254  6.5  Velocity_POSITION_PID
0    656   5    2   843  8.8  main
0    158   1    0  1606  2.9  VariablesInit
0    146   1    3  1568  3.4  HardwareInit
0    166   1    9   610  6.3  CheckPackage
0     28   0    1   238  3.7  break_motor
0     36   0    0    21  1.5  TIMER4
0    282   2    0   601  4.3  TIMER1
0     52   0    0    52  1.9  IC1ISR
0     52   0    0    52  1.9  IC2ISR
0     48   0    0    52  1.9  IC3ISR
0     48   0    0    52  1.9  IC4ISR
0     40   0    3    76  2.7  External_0
0     40   0    3    76  2.7  External_1
0     24   0    0   108  1.7  set_zero
0     30   0    0             @const2378
0    246   2    0             @PRINTFD16_115200_5725_5724
0     44   0    0   204  4.8  DynamicMemInit
0     34   0    0    88  2.4  UARTQueueInit
0    296   2    9  2008 13.2  RDA1
0     68   1    2   197  4.4  TBE1ISR
0    240   2    5   401  4.7  TIMER5
0     62   0    9   206  3.2  QPtrXInit
0    106   1   11   382  5.6  QPtrXPut
0    106   1   13   408  6.4  QPtrXGet
0     62   0    9   206  3.2  Q8UXInit
0    100   1   13   384  5.9  Q8UXGet
0     10   0    0    21  0.9  DisableIntr
0      8   0    0    21  0.9  EnableIntr
 Inline         0             @cinit1

Program metrics:
    Functions               37
    Statements              2183
    Comments                241
    Volume (V)              30267
    Difficulty (D)          174.6
    Effort to implement (E) 5285711
    Time to implement (T)   81 hours, 34 minutes
    Est Delivered Bugs (B)  10
    Cyclomatic Complexity   61
    Maintainability (MI)    33

 Segment     Used  Free
-----------  ----  ----
00000-00BFE     0  3072  
00C00-00C02     4  0  
00C04-00DFA   504  0  
00DFC-083FA  5902  24306  



